# JRE version: Java(TM) SE Runtime Environment (8.0_144-b01) (build 1.8.0_144-b01)
# Java VM: Java HotSpot(TM) Client VM (25.144-b01 mixed mode windows-x86 )
Heap:
 def new generation   total 4928K, used 4064K [0x04600000, 0x04b50000, 0x0f0a0000)
  eden space 4416K,  81% used [0x04600000, 0x04987700, 0x04a50000)
  from space 512K,  88% used [0x04ad0000, 0x04b40bf8, 0x04b50000)
  to   space 512K,   0% used [0x04a50000, 0x04a50000, 0x04ad0000)
 tenured generation   total 10944K, used 3179K [0x0f0a0000, 0x0fb50000, 0x24600000)
   the space 10944K,  29% used [0x0f0a0000, 0x0f3bac60, 0x0f3bae00, 0x0fb50000)
 Metaspace       used 11781K, capacity 12247K, committed 12288K, reserved 12672K
GC Heap History (10 events):
Event: 0.197 GC heap after
Heap after GC invocations=1 (full 0):
 def new generation   total 4928K, used 512K [0x04600000, 0x04b50000, 0x0f0a0000)
  eden space 4416K,   0% used [0x04600000, 0x04600000, 0x04a50000)
  from space 512K, 100% used [0x04ad0000, 0x04b50000, 0x04b50000)
  to   space 512K,   0% used [0x04a50000, 0x04a50000, 0x04ad0000)
 tenured generation   total 10944K, used 180K [0x0f0a0000, 0x0fb50000, 0x24600000)
   the space 10944K,   1% used [0x0f0a0000, 0x0f0cd358, 0x0f0cd400, 0x0fb50000)
 Metaspace       used 3291K, capacity 3538K, committed 3648K, reserved 4480K
}
Event: 0.322 GC heap before
{Heap before GC invocations=1 (full 0):
 def new generation   total 4928K, used 4689K [0x04600000, 0x04b50000, 0x0f0a0000)
  eden space 4416K,  94% used [0x04600000, 0x04a14780, 0x04a50000)
  from space 512K, 100% used [0x04ad0000, 0x04b50000, 0x04b50000)
  to   space 512K,   0% used [0x04a50000, 0x04a50000, 0x04ad0000)
 tenured generation   total 10944K, used 180K [0x0f0a0000, 0x0fb50000, 0x24600000)
   the space 10944K,   1% used [0x0f0a0000, 0x0f0cd358, 0x0f0cd400, 0x0fb50000)
 Metaspace       used 5386K, capacity 5691K, committed 5760K, reserved 6528K
Event: 0.325 GC heap after
Heap after GC invocations=2 (full 0):
 def new generation   total 4928K, used 377K [0x04600000, 0x04b50000, 0x0f0a0000)
  eden space 4416K,   0% used [0x04600000, 0x04600000, 0x04a50000)
  from space 512K,  73% used [0x04a50000, 0x04aae6d0, 0x04ad0000)
  to   space 512K,   0% used [0x04ad0000, 0x04ad0000, 0x04b50000)
 tenured generation   total 10944K, used 1132K [0x0f0a0000, 0x0fb50000, 0x24600000)
   the space 10944K,  10% used [0x0f0a0000, 0x0f1bb020, 0x0f1bb200, 0x0fb50000)
 Metaspace       used 5386K, capacity 5691K, committed 5760K, reserved 6528K
}
Event: 0.419 GC heap before
{Heap before GC invocations=2 (full 0):
 def new generation   total 4928K, used 4793K [0x04600000, 0x04b50000, 0x0f0a0000)
  eden space 4416K, 100% used [0x04600000, 0x04a50000, 0x04a50000)
  from space 512K,  73% used [0x04a50000, 0x04aae6d0, 0x04ad0000)
  to   space 512K,   0% used [0x04ad0000, 0x04ad0000, 0x04b50000)
 tenured generation   total 10944K, used 1132K [0x0f0a0000, 0x0fb50000, 0x24600000)
   the space 10944K,  10% used [0x0f0a0000, 0x0f1bb020, 0x0f1bb200, 0x0fb50000)
 Metaspace       used 6330K, capacity 6654K, committed 6656K, reserved 7552K
Event: 0.422 GC heap after
Heap after GC invocations=3 (full 0):
 def new generation   total 4928K, used 512K [0x04600000, 0x04b50000, 0x0f0a0000)
  eden space 4416K,   0% used [0x04600000, 0x04600000, 0x04a50000)
  from space 512K, 100% used [0x04ad0000, 0x04b50000, 0x04b50000)
  to   space 512K,   0% used [0x04a50000, 0x04a50000, 0x04ad0000)
 tenured generation   total 10944K, used 2396K [0x0f0a0000, 0x0fb50000, 0x24600000)
   the space 10944K,  21% used [0x0f0a0000, 0x0f2f7340, 0x0f2f7400, 0x0fb50000)
 Metaspace       used 6330K, capacity 6654K, committed 6656K, reserved 7552K
}
Event: 0.598 GC heap before
{Heap before GC invocations=3 (full 0):
 def new generation   total 4928K, used 4928K [0x04600000, 0x04b50000, 0x0f0a0000)
  eden space 4416K, 100% used [0x04600000, 0x04a50000, 0x04a50000)
  from space 512K, 100% used [0x04ad0000, 0x04b50000, 0x04b50000)
  to   space 512K,   0% used [0x04a50000, 0x04a50000, 0x04ad0000)
 tenured generation   total 10944K, used 2396K [0x0f0a0000, 0x0fb50000, 0x24600000)
   the space 10944K,  21% used [0x0f0a0000, 0x0f2f7340, 0x0f2f7400, 0x0fb50000)
 Metaspace       used 7383K, capacity 7723K, committed 7808K, reserved 8576K
Event: 0.600 GC heap after
Heap after GC invocations=4 (full 0):
 def new generation   total 4928K, used 473K [0x04600000, 0x04b50000, 0x0f0a0000)
  eden space 4416K,   0% used [0x04600000, 0x04600000, 0x04a50000)
  from space 512K,  92% used [0x04a50000, 0x04ac6600, 0x04ad0000)
  to   space 512K,   0% used [0x04ad0000, 0x04ad0000, 0x04b50000)
 tenured generation   total 10944K, used 2740K [0x0f0a0000, 0x0fb50000, 0x24600000)
   the space 10944K,  25% used [0x0f0a0000, 0x0f34d0f8, 0x0f34d200, 0x0fb50000)
 Metaspace       used 7383K, capacity 7723K, committed 7808K, reserved 8576K
}
Event: 0.702 GC heap before
{Heap before GC invocations=4 (full 0):
 def new generation   total 4928K, used 4889K [0x04600000, 0x04b50000, 0x0f0a0000)
  eden space 4416K, 100% used [0x04600000, 0x04a50000, 0x04a50000)
  from space 512K,  92% used [0x04a50000, 0x04ac6600, 0x04ad0000)
  to   space 512K,   0% used [0x04ad0000, 0x04ad0000, 0x04b50000)
 tenured generation   total 10944K, used 2740K [0x0f0a0000, 0x0fb50000, 0x24600000)
   the space 10944K,  25% used [0x0f0a0000, 0x0f34d0f8, 0x0f34d200, 0x0fb50000)
 Metaspace       used 8420K, capacity 8869K, committed 8960K, reserved 9600K
Event: 0.705 GC heap after
Heap after GC invocations=5 (full 0):
 def new generation   total 4928K, used 450K [0x04600000, 0x04b50000, 0x0f0a0000)
  eden space 4416K,   0% used [0x04600000, 0x04600000, 0x04a50000)
  from space 512K,  88% used [0x04ad0000, 0x04b40bf8, 0x04b50000)
  to   space 512K,   0% used [0x04a50000, 0x04a50000, 0x04ad0000)
 tenured generation   total 10944K, used 3179K [0x0f0a0000, 0x0fb50000, 0x24600000)
   the space 10944K,  29% used [0x0f0a0000, 0x0f3bac60, 0x0f3bae00, 0x0fb50000)
 Metaspace       used 8420K, capacity 8869K, committed 8960K, reserved 9600K
}
Event: 0.926 GC heap before
{Heap before GC invocations=5 (full 0):
 def new generation   total 4928K, used 4064K [0x04600000, 0x04b50000, 0x0f0a0000)
  eden space 4416K,  81% used [0x04600000, 0x04987700, 0x04a50000)
  from space 512K,  88% used [0x04ad0000, 0x04b40bf8, 0x04b50000)
  to   space 512K,   0% used [0x04a50000, 0x04a50000, 0x04ad0000)
 tenured generation   total 10944K, used 3179K [0x0f0a0000, 0x0fb50000, 0x24600000)
   the space 10944K,  29% used [0x0f0a0000, 0x0f3bac60, 0x0f3bae00, 0x0fb50000)
 Metaspace       used 11781K, capacity 12247K, committed 12288K, reserved 12672K

